<?xml version="1.0" encoding="UTF-8"?>
<testsuite xmlns:xsi="http://www.w3.org/2001/XMLSchema-instance" xsi:noNamespaceSchemaLocation="https://maven.apache.org/surefire/maven-surefire-plugin/xsd/surefire-test-report.xsd" name="se.kth.iv1350.posproj.model.ItemRegistryTest" time="0.001" tests="5" errors="0" skipped="0" failures="0">
  <properties>
[...]
</properties>
  <testcase name="catchConnectionFailure" classname="se.kth.iv1350.posproj.model.ItemRegistryTest" time="0.001"/>
  <testcase name="checkItemCount" classname="se.kth.iv1350.posproj.model.ItemRegistryTest" time="0"/>
  <testcase name="showItemList" classname="se.kth.iv1350.posproj.model.ItemRegistryTest" time="0"/>
  <testcase name="catchItemNotFound" classname="se.kth.iv1350.posproj.model.ItemRegistryTest" time="0"/>
  <testcase name="addItemToList" classname="se.kth.iv1350.posproj.model.ItemRegistryTest" time="0"/>
</testsuite>